<?xml version="1.0" encoding="UTF-8" ?>
<testsuite tests="1" failures="1" name="ca.jrvs.apps.twitter.TwitterHttpHelperTest" time="1.287" errors="0" skipped="0">
  <properties>
    <property name="java.runtime.name" value="OpenJDK Runtime Environment"/>
    <property name="java.vm.version" value="11.0.14.1+1-Ubuntu-0ubuntu1.18.04"/>
    <property name="sun.boot.library.path" value="/usr/lib/jvm/java-11-openjdk-amd64/lib"/>
    <property name="maven.multiModuleProjectDirectory" value="/home/mcy/Dropbox/Documents/Dossiers_pratiques/Jarvis/projects/jarvis_data_eng_YannickBeriault/core_java/twitter"/>
    <property name="java.vm.vendor" value="Ubuntu"/>
    <property name="java.vendor.url" value="https://ubuntu.com/"/>
    <property name="guice.disable.misplaced.annotation.check" value="true"/>
    <property name="path.separator" value=":"/>
    <property name="java.vm.name" value="OpenJDK 64-Bit Server VM"/>
    <property name="sun.os.patch.level" value="unknown"/>
    <property name="user.country" value="US"/>
    <property name="sun.java.launcher" value="SUN_STANDARD"/>
    <property name="java.vm.specification.name" value="Java Virtual Machine Specification"/>
    <property name="user.dir" value="/home/mcy/Dropbox/Documents/Dossiers_pratiques/Jarvis/projects/jarvis_data_eng_YannickBeriault/core_java/twitter"/>
    <property name="java.vm.compressedOopsMode" value="Zero based"/>
    <property name="java.runtime.version" value="11.0.14.1+1-Ubuntu-0ubuntu1.18.04"/>
    <property name="java.awt.graphicsenv" value="sun.awt.X11GraphicsEnvironment"/>
    <property name="os.arch" value="amd64"/>
    <property name="java.io.tmpdir" value="/tmp"/>
    <property name="line.separator" value="
"/>
    <property name="java.vm.specification.vendor" value="Oracle Corporation"/>
    <property name="os.name" value="Linux"/>
    <property name="classworlds.conf" value="/usr/share/maven/bin/m2.conf"/>
    <property name="sun.jnu.encoding" value="UTF-8"/>
    <property name="java.library.path" value="/usr/java/packages/lib:/usr/lib/x86_64-linux-gnu/jni:/lib/x86_64-linux-gnu:/usr/lib/x86_64-linux-gnu:/usr/lib/jni:/lib:/usr/lib"/>
    <property name="maven.conf" value="/usr/share/maven/conf"/>
    <property name="jdk.debug" value="release"/>
    <property name="java.class.version" value="55.0"/>
    <property name="java.specification.name" value="Java Platform API Specification"/>
    <property name="sun.management.compiler" value="HotSpot 64-Bit Tiered Compilers"/>
    <property name="os.version" value="5.4.0-107-generic"/>
    <property name="library.jansi.path" value="/usr/share/maven/lib/jansi-native"/>
    <property name="user.home" value="/home/mcy"/>
    <property name="user.timezone" value="America/Toronto"/>
    <property name="java.awt.printerjob" value="sun.print.PSPrinterJob"/>
    <property name="file.encoding" value="UTF-8"/>
    <property name="java.specification.version" value="11"/>
    <property name="user.name" value="mcy"/>
    <property name="java.class.path" value="/usr/share/maven/boot/plexus-classworlds-2.x.jar"/>
    <property name="java.vm.specification.version" value="11"/>
    <property name="sun.arch.data.model" value="64"/>
    <property name="sun.java.command" value="org.codehaus.plexus.classworlds.launcher.Launcher clean package"/>
    <property name="java.home" value="/usr/lib/jvm/java-11-openjdk-amd64"/>
    <property name="user.language" value="en"/>
    <property name="java.specification.vendor" value="Oracle Corporation"/>
    <property name="awt.toolkit" value="sun.awt.X11.XToolkit"/>
    <property name="java.vm.info" value="mixed mode, sharing"/>
    <property name="java.version" value="11.0.14.1"/>
    <property name="securerandom.source" value="file:/dev/./urandom"/>
    <property name="java.vendor" value="Ubuntu"/>
    <property name="maven.home" value="/usr/share/maven"/>
    <property name="file.separator" value="/"/>
    <property name="java.version.date" value="2022-02-08"/>
    <property name="java.vendor.url.bug" value="https://bugs.launchpad.net/ubuntu/+source/openjdk-lts"/>
    <property name="sun.io.unicode.encoding" value="UnicodeLittle"/>
    <property name="sun.cpu.endian" value="little"/>
    <property name="sun.desktop" value="gnome"/>
    <property name="sun.cpu.isalist" value=""/>
  </properties>
  <testcase classname="ca.jrvs.apps.twitter.TwitterHttpHelperTest" name="testHttpGet" time="1.287">
    <failure message="expected:&lt;200&gt; but was:&lt;401&gt;" type="java.lang.AssertionError">java.lang.AssertionError: expected:&lt;200&gt; but was:&lt;401&gt;
	at org.junit.Assert.fail(Assert.java:89)
	at org.junit.Assert.failNotEquals(Assert.java:835)
	at org.junit.Assert.assertEquals(Assert.java:647)
	at org.junit.Assert.assertEquals(Assert.java:633)
	at ca.jrvs.apps.twitter.TwitterHttpHelperTest.testHttpGet(TwitterHttpHelperTest.java:24)
	at java.base/jdk.internal.reflect.NativeMethodAccessorImpl.invoke0(Native Method)
	at java.base/jdk.internal.reflect.NativeMethodAccessorImpl.invoke(NativeMethodAccessorImpl.java:62)
	at java.base/jdk.internal.reflect.DelegatingMethodAccessorImpl.invoke(DelegatingMethodAccessorImpl.java:43)
	at java.base/java.lang.reflect.Method.invoke(Method.java:566)
	at org.junit.runners.model.FrameworkMethod$1.runReflectiveCall(FrameworkMethod.java:59)
	at org.junit.internal.runners.model.ReflectiveCallable.run(ReflectiveCallable.java:12)
	at org.junit.runners.model.FrameworkMethod.invokeExplosively(FrameworkMethod.java:56)
	at org.junit.internal.runners.statements.InvokeMethod.evaluate(InvokeMethod.java:17)
	at org.junit.runners.ParentRunner$3.evaluate(ParentRunner.java:306)
	at org.junit.runners.BlockJUnit4ClassRunner$1.evaluate(BlockJUnit4ClassRunner.java:100)
	at org.junit.runners.ParentRunner.runLeaf(ParentRunner.java:366)
	at org.junit.runners.BlockJUnit4ClassRunner.runChild(BlockJUnit4ClassRunner.java:103)
	at org.junit.runners.BlockJUnit4ClassRunner.runChild(BlockJUnit4ClassRunner.java:63)
	at org.junit.runners.ParentRunner$4.run(ParentRunner.java:331)
	at org.junit.runners.ParentRunner$1.schedule(ParentRunner.java:79)
	at org.junit.runners.ParentRunner.runChildren(ParentRunner.java:329)
	at org.junit.runners.ParentRunner.access$100(ParentRunner.java:66)
	at org.junit.runners.ParentRunner$2.evaluate(ParentRunner.java:293)
	at org.junit.runners.ParentRunner$3.evaluate(ParentRunner.java:306)
	at org.junit.runners.ParentRunner.run(ParentRunner.java:413)
	at org.apache.maven.surefire.junit4.JUnit4Provider.execute(JUnit4Provider.java:252)
	at org.apache.maven.surefire.junit4.JUnit4Provider.executeTestSet(JUnit4Provider.java:141)
	at org.apache.maven.surefire.junit4.JUnit4Provider.invoke(JUnit4Provider.java:112)
	at java.base/jdk.internal.reflect.NativeMethodAccessorImpl.invoke0(Native Method)
	at java.base/jdk.internal.reflect.NativeMethodAccessorImpl.invoke(NativeMethodAccessorImpl.java:62)
	at java.base/jdk.internal.reflect.DelegatingMethodAccessorImpl.invoke(DelegatingMethodAccessorImpl.java:43)
	at java.base/java.lang.reflect.Method.invoke(Method.java:566)
	at org.apache.maven.surefire.util.ReflectionUtils.invokeMethodWithArray(ReflectionUtils.java:189)
	at org.apache.maven.surefire.booter.ProviderFactory$ProviderProxy.invoke(ProviderFactory.java:165)
	at org.apache.maven.surefire.booter.ProviderFactory.invokeProvider(ProviderFactory.java:85)
	at org.apache.maven.surefire.booter.ForkedBooter.runSuitesInProcess(ForkedBooter.java:115)
	at org.apache.maven.surefire.booter.ForkedBooter.main(ForkedBooter.java:75)
</failure>
    <system-out>17:26:17.106 [main] DEBUG org.apache.http.client.protocol.RequestAddCookies - CookieSpec selected: default
17:26:17.116 [main] DEBUG org.apache.http.client.protocol.RequestAuthCache - Auth cache not set in the context
17:26:17.118 [main] DEBUG org.apache.http.impl.conn.PoolingHttpClientConnectionManager - Connection request: [route: {s}-&gt;https://api.twitter.com:443][total available: 0; route allocated: 0 of 2; total allocated: 0 of 20]
17:26:17.129 [main] DEBUG org.apache.http.impl.conn.PoolingHttpClientConnectionManager - Connection leased: [id: 0][route: {s}-&gt;https://api.twitter.com:443][total available: 0; route allocated: 1 of 2; total allocated: 1 of 20]
17:26:17.131 [main] DEBUG org.apache.http.impl.execchain.MainClientExec - Opening connection {s}-&gt;https://api.twitter.com:443
17:26:17.277 [main] DEBUG org.apache.http.impl.conn.DefaultHttpClientConnectionOperator - Connecting to api.twitter.com/104.244.42.194:443
17:26:17.277 [main] DEBUG org.apache.http.conn.ssl.SSLConnectionSocketFactory - Connecting socket to api.twitter.com/104.244.42.194:443 with timeout 0
17:26:17.409 [main] DEBUG org.apache.http.conn.ssl.SSLConnectionSocketFactory - Enabled protocols: [TLSv1.3, TLSv1.2]
17:26:17.409 [main] DEBUG org.apache.http.conn.ssl.SSLConnectionSocketFactory - Enabled cipher suites:[TLS_AES_256_GCM_SHA384, TLS_AES_128_GCM_SHA256, TLS_CHACHA20_POLY1305_SHA256, TLS_ECDHE_ECDSA_WITH_AES_256_GCM_SHA384, TLS_ECDHE_ECDSA_WITH_AES_128_GCM_SHA256, TLS_ECDHE_ECDSA_WITH_CHACHA20_POLY1305_SHA256, TLS_ECDHE_RSA_WITH_AES_256_GCM_SHA384, TLS_ECDHE_RSA_WITH_CHACHA20_POLY1305_SHA256, TLS_ECDHE_RSA_WITH_AES_128_GCM_SHA256, TLS_DHE_RSA_WITH_AES_256_GCM_SHA384, TLS_DHE_RSA_WITH_CHACHA20_POLY1305_SHA256, TLS_DHE_DSS_WITH_AES_256_GCM_SHA384, TLS_DHE_RSA_WITH_AES_128_GCM_SHA256, TLS_DHE_DSS_WITH_AES_128_GCM_SHA256, TLS_ECDHE_ECDSA_WITH_AES_256_CBC_SHA384, TLS_ECDHE_RSA_WITH_AES_256_CBC_SHA384, TLS_ECDHE_ECDSA_WITH_AES_128_CBC_SHA256, TLS_ECDHE_RSA_WITH_AES_128_CBC_SHA256, TLS_DHE_RSA_WITH_AES_256_CBC_SHA256, TLS_DHE_DSS_WITH_AES_256_CBC_SHA256, TLS_DHE_RSA_WITH_AES_128_CBC_SHA256, TLS_DHE_DSS_WITH_AES_128_CBC_SHA256, TLS_ECDH_ECDSA_WITH_AES_256_GCM_SHA384, TLS_ECDH_RSA_WITH_AES_256_GCM_SHA384, TLS_ECDH_ECDSA_WITH_AES_128_GCM_SHA256, TLS_ECDH_RSA_WITH_AES_128_GCM_SHA256, TLS_ECDH_ECDSA_WITH_AES_256_CBC_SHA384, TLS_ECDH_RSA_WITH_AES_256_CBC_SHA384, TLS_ECDH_ECDSA_WITH_AES_128_CBC_SHA256, TLS_ECDH_RSA_WITH_AES_128_CBC_SHA256, TLS_ECDHE_ECDSA_WITH_AES_256_CBC_SHA, TLS_ECDHE_RSA_WITH_AES_256_CBC_SHA, TLS_ECDHE_ECDSA_WITH_AES_128_CBC_SHA, TLS_ECDHE_RSA_WITH_AES_128_CBC_SHA, TLS_DHE_RSA_WITH_AES_256_CBC_SHA, TLS_DHE_DSS_WITH_AES_256_CBC_SHA, TLS_DHE_RSA_WITH_AES_128_CBC_SHA, TLS_DHE_DSS_WITH_AES_128_CBC_SHA, TLS_ECDH_ECDSA_WITH_AES_256_CBC_SHA, TLS_ECDH_RSA_WITH_AES_256_CBC_SHA, TLS_ECDH_ECDSA_WITH_AES_128_CBC_SHA, TLS_ECDH_RSA_WITH_AES_128_CBC_SHA, TLS_RSA_WITH_AES_256_GCM_SHA384, TLS_RSA_WITH_AES_128_GCM_SHA256, TLS_RSA_WITH_AES_256_CBC_SHA256, TLS_RSA_WITH_AES_128_CBC_SHA256, TLS_RSA_WITH_AES_256_CBC_SHA, TLS_RSA_WITH_AES_128_CBC_SHA, TLS_EMPTY_RENEGOTIATION_INFO_SCSV]
17:26:17.410 [main] DEBUG org.apache.http.conn.ssl.SSLConnectionSocketFactory - Starting handshake
17:26:17.690 [main] DEBUG org.apache.http.conn.ssl.SSLConnectionSocketFactory - Secure session established
17:26:17.690 [main] DEBUG org.apache.http.conn.ssl.SSLConnectionSocketFactory -  negotiated protocol: TLSv1.3
17:26:17.690 [main] DEBUG org.apache.http.conn.ssl.SSLConnectionSocketFactory -  negotiated cipher suite: TLS_AES_256_GCM_SHA384
17:26:17.691 [main] DEBUG org.apache.http.conn.ssl.SSLConnectionSocketFactory -  peer principal: CN=api.twitter.com, O=&quot;Twitter, Inc.&quot;, L=San Francisco, ST=California, C=US
17:26:17.691 [main] DEBUG org.apache.http.conn.ssl.SSLConnectionSocketFactory -  peer alternative names: [api.twitter.com]
17:26:17.691 [main] DEBUG org.apache.http.conn.ssl.SSLConnectionSocketFactory -  issuer principal: CN=DigiCert TLS Hybrid ECC SHA384 2020 CA1, O=DigiCert Inc, C=US
17:26:17.695 [main] DEBUG org.apache.http.impl.conn.DefaultHttpClientConnectionOperator - Connection established 10.170.0.6:56842&lt;-&gt;104.244.42.194:443
17:26:17.695 [main] DEBUG org.apache.http.impl.execchain.MainClientExec - Executing request POST /1.1/statuses/show.json?id=957682200954200068 HTTP/1.1
17:26:17.695 [main] DEBUG org.apache.http.impl.execchain.MainClientExec - Proxy auth state: UNCHALLENGED
17:26:17.697 [main] DEBUG org.apache.http.headers - http-outgoing-0 &gt;&gt; POST /1.1/statuses/show.json?id=957682200954200068 HTTP/1.1
17:26:17.697 [main] DEBUG org.apache.http.headers - http-outgoing-0 &gt;&gt; Authorization: OAuth oauth_consumer_key=&quot;N7HM8wfqLVbacMbcIgWGfhUGP&quot;, oauth_nonce=&quot;-3853917810376492495&quot;, oauth_signature=&quot;qsLZziokk3d5gITPKmqPkxVshEE%3D&quot;, oauth_signature_method=&quot;HMAC-SHA1&quot;, oauth_timestamp=&quot;1648761977&quot;, oauth_token=&quot;256184107-FR1NHYWzbB0zvdkctl5WMImV8RGlvcGzuDK93Pcn&quot;, oauth_version=&quot;1.0&quot;
17:26:17.697 [main] DEBUG org.apache.http.headers - http-outgoing-0 &gt;&gt; Content-Length: 0
17:26:17.697 [main] DEBUG org.apache.http.headers - http-outgoing-0 &gt;&gt; Host: api.twitter.com
17:26:17.697 [main] DEBUG org.apache.http.headers - http-outgoing-0 &gt;&gt; Connection: Keep-Alive
17:26:17.697 [main] DEBUG org.apache.http.headers - http-outgoing-0 &gt;&gt; User-Agent: Apache-HttpClient/4.5.13 (Java/11.0.14.1)
17:26:17.697 [main] DEBUG org.apache.http.headers - http-outgoing-0 &gt;&gt; Accept-Encoding: gzip,deflate
17:26:17.698 [main] DEBUG org.apache.http.wire - http-outgoing-0 &gt;&gt; &quot;POST /1.1/statuses/show.json?id=957682200954200068 HTTP/1.1[\r][\n]&quot;
17:26:17.698 [main] DEBUG org.apache.http.wire - http-outgoing-0 &gt;&gt; &quot;Authorization: OAuth oauth_consumer_key=&quot;N7HM8wfqLVbacMbcIgWGfhUGP&quot;, oauth_nonce=&quot;-3853917810376492495&quot;, oauth_signature=&quot;qsLZziokk3d5gITPKmqPkxVshEE%3D&quot;, oauth_signature_method=&quot;HMAC-SHA1&quot;, oauth_timestamp=&quot;1648761977&quot;, oauth_token=&quot;256184107-FR1NHYWzbB0zvdkctl5WMImV8RGlvcGzuDK93Pcn&quot;, oauth_version=&quot;1.0&quot;[\r][\n]&quot;
17:26:17.698 [main] DEBUG org.apache.http.wire - http-outgoing-0 &gt;&gt; &quot;Content-Length: 0[\r][\n]&quot;
17:26:17.698 [main] DEBUG org.apache.http.wire - http-outgoing-0 &gt;&gt; &quot;Host: api.twitter.com[\r][\n]&quot;
17:26:17.698 [main] DEBUG org.apache.http.wire - http-outgoing-0 &gt;&gt; &quot;Connection: Keep-Alive[\r][\n]&quot;
17:26:17.698 [main] DEBUG org.apache.http.wire - http-outgoing-0 &gt;&gt; &quot;User-Agent: Apache-HttpClient/4.5.13 (Java/11.0.14.1)[\r][\n]&quot;
17:26:17.698 [main] DEBUG org.apache.http.wire - http-outgoing-0 &gt;&gt; &quot;Accept-Encoding: gzip,deflate[\r][\n]&quot;
17:26:17.698 [main] DEBUG org.apache.http.wire - http-outgoing-0 &gt;&gt; &quot;[\r][\n]&quot;
17:26:17.935 [main] DEBUG org.apache.http.wire - http-outgoing-0 &lt;&lt; &quot;HTTP/1.1 401 Unauthorized[\r][\n]&quot;
17:26:17.935 [main] DEBUG org.apache.http.wire - http-outgoing-0 &lt;&lt; &quot;date: Thu, 31 Mar 2022 21:26:17 GMT[\r][\n]&quot;
17:26:17.935 [main] DEBUG org.apache.http.wire - http-outgoing-0 &lt;&lt; &quot;server: tsa_o[\r][\n]&quot;
17:26:17.935 [main] DEBUG org.apache.http.wire - http-outgoing-0 &lt;&lt; &quot;set-cookie: guest_id=v1%3A164876197781199753; Max-Age=34214400; Expires=Mon, 01 May 2023 21:26:17 GMT; Path=/; Domain=.twitter.com; Secure; SameSite=None[\r][\n]&quot;
17:26:17.936 [main] DEBUG org.apache.http.wire - http-outgoing-0 &lt;&lt; &quot;content-type: application/json; charset=utf-8[\r][\n]&quot;
17:26:17.936 [main] DEBUG org.apache.http.wire - http-outgoing-0 &lt;&lt; &quot;cache-control: no-cache, no-store, max-age=0[\r][\n]&quot;
17:26:17.936 [main] DEBUG org.apache.http.wire - http-outgoing-0 &lt;&lt; &quot;content-length: 87[\r][\n]&quot;
17:26:17.936 [main] DEBUG org.apache.http.wire - http-outgoing-0 &lt;&lt; &quot;content-encoding: gzip[\r][\n]&quot;
17:26:17.936 [main] DEBUG org.apache.http.wire - http-outgoing-0 &lt;&lt; &quot;strict-transport-security: max-age=631138519[\r][\n]&quot;
17:26:17.936 [main] DEBUG org.apache.http.wire - http-outgoing-0 &lt;&lt; &quot;x-response-time: 118[\r][\n]&quot;
17:26:17.936 [main] DEBUG org.apache.http.wire - http-outgoing-0 &lt;&lt; &quot;x-connection-hash: cbf33894c17c1f9b8b6ef6d6356ec0453e98cc89246ebc535b294d7b533b2a3f[\r][\n]&quot;
17:26:17.936 [main] DEBUG org.apache.http.wire - http-outgoing-0 &lt;&lt; &quot;[\r][\n]&quot;
17:26:17.937 [main] DEBUG org.apache.http.wire - http-outgoing-0 &lt;&lt; &quot;[0x1f][0x8b][0x8][0x0][0x0][0x0][0x0][0x0][0x0][0x0][0xaa]VJ-*[0xca]/*V[0xb2][0x8a][0xae]VJ[0xce]OIU[0xb2][0xb2][0xb0][0xd4]Q[0xca]M-.NL[0x7]r[0x94]&lt;[0xf3][0xca][0x12]s2S[0x14][0xf2][0x8b][0x14]R+[\n]&quot;
17:26:17.937 [main] DEBUG org.apache.http.wire - http-outgoing-0 &lt;&lt; &quot;2[0x8b]RS[0x14]J[0xf2][0xb3]S[0xf3][0xf4][0x94]jck[0x1][0x0][0x0][0x0][0xff][0xff][0x3][0x0][0x9c][0x98][0x1c]s&gt;[0x0][0x0][0x0]&quot;
17:26:17.939 [main] DEBUG org.apache.http.headers - http-outgoing-0 &lt;&lt; HTTP/1.1 401 Unauthorized
17:26:17.940 [main] DEBUG org.apache.http.headers - http-outgoing-0 &lt;&lt; date: Thu, 31 Mar 2022 21:26:17 GMT
17:26:17.940 [main] DEBUG org.apache.http.headers - http-outgoing-0 &lt;&lt; server: tsa_o
17:26:17.940 [main] DEBUG org.apache.http.headers - http-outgoing-0 &lt;&lt; set-cookie: guest_id=v1%3A164876197781199753; Max-Age=34214400; Expires=Mon, 01 May 2023 21:26:17 GMT; Path=/; Domain=.twitter.com; Secure; SameSite=None
17:26:17.940 [main] DEBUG org.apache.http.headers - http-outgoing-0 &lt;&lt; content-type: application/json; charset=utf-8
17:26:17.940 [main] DEBUG org.apache.http.headers - http-outgoing-0 &lt;&lt; cache-control: no-cache, no-store, max-age=0
17:26:17.940 [main] DEBUG org.apache.http.headers - http-outgoing-0 &lt;&lt; content-length: 87
17:26:17.940 [main] DEBUG org.apache.http.headers - http-outgoing-0 &lt;&lt; content-encoding: gzip
17:26:17.940 [main] DEBUG org.apache.http.headers - http-outgoing-0 &lt;&lt; strict-transport-security: max-age=631138519
17:26:17.940 [main] DEBUG org.apache.http.headers - http-outgoing-0 &lt;&lt; x-response-time: 118
17:26:17.940 [main] DEBUG org.apache.http.headers - http-outgoing-0 &lt;&lt; x-connection-hash: cbf33894c17c1f9b8b6ef6d6356ec0453e98cc89246ebc535b294d7b533b2a3f
17:26:17.944 [main] DEBUG org.apache.http.impl.execchain.MainClientExec - Connection can be kept alive indefinitely
17:26:17.945 [main] DEBUG org.apache.http.impl.auth.HttpAuthenticator - Authentication required
17:26:17.945 [main] DEBUG org.apache.http.impl.auth.HttpAuthenticator - api.twitter.com:443 requested authentication
17:26:17.945 [main] DEBUG org.apache.http.impl.auth.HttpAuthenticator - Response contains no authentication challenges
17:26:17.951 [main] WARN org.apache.http.client.protocol.ResponseProcessCookies - Invalid cookie header: &quot;set-cookie: guest_id=v1%3A164876197781199753; Max-Age=34214400; Expires=Mon, 01 May 2023 21:26:17 GMT; Path=/; Domain=.twitter.com; Secure; SameSite=None&quot;. Invalid &apos;expires&apos; attribute: Mon, 01 May 2023 21:26:17 GMT
</system-out>
  </testcase>
</testsuite>